kakao-android-sdk-speech-6.1.4/app/build/intermediates/manifest_merge_blame_file/debug/manifest-merger-blame-debug-report.txt
1<?xml version="1.0" encoding="utf-8"?>
2<manifest xmlns:android="http://schemas.android.com/apk/res/android"
3    package="com.kakao.sdk.newtone.sample"
4    android:versionCode="1"
5    android:versionName="6.1.3" >
6
7    <uses-sdk
8        android:minSdkVersion="14"
8-->src/main/AndroidManifest.xml
9        android:targetSdkVersion="23" />
9-->src/main/AndroidManifest.xml
10
11    <uses-permission android:name="android.permission.INTERNET" />
11-->src/main/AndroidManifest.xml:6:5-67
11-->src/main/AndroidManifest.xml:6:22-64
12    <uses-permission android:name="android.permission.RECORD_AUDIO" />
12-->src/main/AndroidManifest.xml:7:5-71
12-->src/main/AndroidManifest.xml:7:22-68
13    <uses-permission android:name="android.permission.ACCESS_NETWORK_STATE" />
13-->src/main/AndroidManifest.xml:8:5-79
13-->src/main/AndroidManifest.xml:8:22-76
14    <uses-permission android:name="android.permission.WRITE_EXTERNAL_STORAGE" />
14-->src/main/AndroidManifest.xml:9:5-81
14-->src/main/AndroidManifest.xml:9:22-78
15    <uses-permission android:name="android.permission.BLUETOOTH" />
15-->src/main/AndroidManifest.xml:10:5-68
15-->src/main/AndroidManifest.xml:10:22-65
16
17    <!-- <activity android:name=".SpeechSampleActivity" -->
18    <!-- android:label="@string/main_label" android:screenOrientation="portrait"> -->
19    <!-- <intent-filter> -->
20    <!-- <action android:name="android.intent.action.MAIN"/> -->
21    <!-- <category android:name="android.intent.category.LAUNCHER"/> -->
22    <!-- </intent-filter> -->
23    <!-- </activity> -->
24    <application
24-->src/main/AndroidManifest.xml:20:5-53:19
25        android:allowBackup="true"
25-->src/main/AndroidManifest.xml:23:9-35
26        android:appComponentFactory="androidx.core.app.CoreComponentFactory"
26-->[androidx.core:core:1.1.0] AndroidManifest.xml:24:18-86
27        android:debuggable="true"
28        android:icon="@drawable/newtone_icon"
28-->src/main/AndroidManifest.xml:22:9-46
29        android:label="@string/app_name"
29-->src/main/AndroidManifest.xml:21:9-41
30        android:testOnly="true"
31        android:theme="@style/AppTheme" >
31-->src/main/AndroidManifest.xml:24:9-40
32        <activity
32-->src/main/AndroidManifest.xml:26:9-34:20
33            android:name="com.kakao.sdk.newtone.sample.SplashActivity"
33-->src/main/AndroidManifest.xml:26:19-77
34            android:label="@string/app_name"
34-->src/main/AndroidManifest.xml:28:13-45
35            android:screenOrientation="portrait"
35-->src/main/AndroidManifest.xml:29:13-49
36            android:theme="@style/SplashTheme" >
36-->src/main/AndroidManifest.xml:27:13-47
37            <intent-filter>
37-->src/main/AndroidManifest.xml:30:13-33:29
38                <action android:name="android.intent.action.MAIN" />
38-->src/main/AndroidManifest.xml:31:17-69
38-->src/main/AndroidManifest.xml:31:25-66
39
40                <category android:name="android.intent.category.LAUNCHER" />
40-->src/main/AndroidManifest.xml:32:17-77
40-->src/main/AndroidManifest.xml:32:27-74
41            </intent-filter>
42        </activity>
43        <activity
43-->src/main/AndroidManifest.xml:36:9-41:20
44            android:name="com.kakao.sdk.newtone.sample.SpeechSampleActivity"
44-->src/main/AndroidManifest.xml:36:19-83
45            android:label="@string/main_label"
45-->src/main/AndroidManifest.xml:37:13-47
46            android:screenOrientation="portrait"
46-->src/main/AndroidManifest.xml:39:13-49
47            android:theme="@android:style/Theme.NoTitleBar.Fullscreen" >
47-->src/main/AndroidManifest.xml:38:13-71
48        </activity>
49        <activity
49-->src/main/AndroidManifest.xml:43:9-44:73
50            android:name="com.kakao.sdk.newtone.sample.VoiceRecoActivity"
50-->src/main/AndroidManifest.xml:43:19-80
51            android:theme="@android:style/Theme.NoTitleBar.Fullscreen" />
51-->src/main/AndroidManifest.xml:44:13-71
52        <activity
52-->src/main/AndroidManifest.xml:46:9-48:73
53            android:name="com.kakao.sdk.newtone.sample.TextToSpeechActivity"
53-->src/main/AndroidManifest.xml:46:19-83
54            android:screenOrientation="portrait"
54-->src/main/AndroidManifest.xml:47:13-49
55            android:theme="@android:style/Theme.NoTitleBar.Fullscreen" />
55-->src/main/AndroidManifest.xml:48:13-71
56
57        <meta-data
57-->src/main/AndroidManifest.xml:50:9-52:53
58            android:name="com.kakao.sdk.AppKey"
58-->src/main/AndroidManifest.xml:51:13-48
59            android:value="@string/kakao_app_key" />
59-->src/main/AndroidManifest.xml:52:13-50
60    </application>
61
62</manifest>